#! /usr/local/bin/vvp
:ivl_version "0.10.0 (devel)" "(s20140801)";
:ivl_delay_selection "TYPICAL";
:vpi_time_precision + 0;
:vpi_module "system";
:vpi_module "vhdl_sys";
:vpi_module "v2005_math";
:vpi_module "va_math";
S_0x600072cb0 .scope module, "mux8to1" "mux8to1" 2 4;
 .timescale 0 0;
    .port_info 0 /INPUT 1 "d0"
    .port_info 1 /INPUT 1 "d1"
    .port_info 2 /INPUT 1 "d2"
    .port_info 3 /INPUT 1 "d3"
    .port_info 4 /INPUT 1 "d4"
    .port_info 5 /INPUT 1 "d5"
    .port_info 6 /INPUT 1 "d6"
    .port_info 7 /INPUT 1 "d7"
    .port_info 8 /INPUT 1 "s0"
    .port_info 9 /INPUT 1 "s1"
    .port_info 10 /INPUT 1 "s2"
    .port_info 11 /OUTPUT 1 "f"
L_0x6fffffb0018 .functor BUFT 1, C4<0>, C4<0>, C4<0>, C4<0>;
v0x6000f2b70_0 .net "d0", 0 0, L_0x6fffffb0018;  1 drivers
L_0x6fffffb0060 .functor BUFT 1, C4<0>, C4<0>, C4<0>, C4<0>;
v0x6000f2c60_0 .net "d1", 0 0, L_0x6fffffb0060;  1 drivers
L_0x6fffffb00a8 .functor BUFT 1, C4<0>, C4<0>, C4<0>, C4<0>;
L_0x6fffffb00f0 .functor BUFT 1, C4<0>, C4<0>, C4<0>, C4<0>;
RS_0x6000a03d8 .resolv tri, L_0x6fffffb00a8, L_0x6fffffb00f0;
v0x6000f2d50_0 .net8 "d2", 0 0, RS_0x6000a03d8;  2 drivers
o0x6000a0408 .functor BUFZ 1, C4<z>; HiZ drive
v0x6000f2e40_0 .net "d3", 0 0, o0x6000a0408;  0 drivers
L_0x6fffffb0138 .functor BUFT 1, C4<1>, C4<0>, C4<0>, C4<0>;
v0x6000f2f30_0 .net "d4", 0 0, L_0x6fffffb0138;  1 drivers
L_0x6fffffb0180 .functor BUFT 1, C4<1>, C4<0>, C4<0>, C4<0>;
v0x6000f3070_0 .net "d5", 0 0, L_0x6fffffb0180;  1 drivers
L_0x6fffffb01c8 .functor BUFT 1, C4<1>, C4<0>, C4<0>, C4<0>;
v0x6000f3160_0 .net "d6", 0 0, L_0x6fffffb01c8;  1 drivers
L_0x6fffffb0210 .functor BUFT 1, C4<0>, C4<0>, C4<0>, C4<0>;
v0x6000f3250_0 .net "d7", 0 0, L_0x6fffffb0210;  1 drivers
L_0x6fffffb0258 .functor BUFT 1, C4<1>, C4<0>, C4<0>, C4<0>;
v0x6000f3340_0 .net "d8", 0 0, L_0x6fffffb0258;  1 drivers
v0x6000f3470_0 .net "f", 0 0, L_0x6000f4fe0;  1 drivers
L_0x6fffffb02a0 .functor BUFT 1, C4<1>, C4<0>, C4<0>, C4<0>;
v0x6000f3510_0 .net "s0", 0 0, L_0x6fffffb02a0;  1 drivers
L_0x6fffffb02e8 .functor BUFT 1, C4<1>, C4<0>, C4<0>, C4<0>;
v0x6000f35b0_0 .net "s1", 0 0, L_0x6fffffb02e8;  1 drivers
L_0x6fffffb0330 .functor BUFT 1, C4<1>, C4<0>, C4<0>, C4<0>;
v0x6000f36e0_0 .net "s2", 0 0, L_0x6fffffb0330;  1 drivers
v0x6000f3780_0 .net "w1", 0 0, L_0x6000f4270;  1 drivers
v0x6000f3820_0 .net "w2", 0 0, L_0x6000f4cf0;  1 drivers
S_0x600073030 .scope module, "mux0" "mux4to1" 2 8, 2 33 0, S_0x600072cb0;
 .timescale 0 0;
    .port_info 0 /INPUT 1 "d0"
    .port_info 1 /INPUT 1 "d1"
    .port_info 2 /INPUT 1 "d2"
    .port_info 3 /INPUT 1 "d3"
    .port_info 4 /INPUT 1 "s0"
    .port_info 5 /INPUT 1 "s1"
    .port_info 6 /OUTPUT 1 "f"
v0x6000ef680_0 .net "d0", 0 0, L_0x6fffffb0018;  alias, 1 drivers
v0x6000ef750_0 .net "d1", 0 0, L_0x6fffffb0060;  alias, 1 drivers
v0x6000ef7f0_0 .net8 "d2", 0 0, RS_0x6000a03d8;  alias, 2 drivers
v0x6000ef8f0_0 .net "d3", 0 0, o0x6000a0408;  alias, 0 drivers
v0x6000ef9c0_0 .net "f", 0 0, L_0x6000f4270;  alias, 1 drivers
v0x6000efab0_0 .net "s0", 0 0, L_0x6fffffb02a0;  alias, 1 drivers
v0x6000efba0_0 .net "s1", 0 0, L_0x6fffffb02e8;  alias, 1 drivers
v0x6000efc40_0 .net "w1", 0 0, L_0x6000f3b60;  1 drivers
v0x6000efd30_0 .net "w2", 0 0, L_0x6000f3e70;  1 drivers
S_0x600073720 .scope module, "mux0" "mux2to1" 2 37, 2 58 0, S_0x600073030;
 .timescale 0 0;
    .port_info 0 /INPUT 1 "d0"
    .port_info 1 /INPUT 1 "d1"
    .port_info 2 /INPUT 1 "s0"
    .port_info 3 /OUTPUT 1 "f"
L_0x60004de70 .functor AND 1, L_0x6fffffb0060, L_0x6fffffb02a0, C4<1>, C4<1>;
L_0x6000f3960 .functor NOT 1, L_0x6fffffb02a0, C4<0>, C4<0>, C4<0>;
L_0x6000f0f20 .functor AND 1, L_0x6000f3960, L_0x6fffffb0018, C4<1>, C4<1>;
L_0x6000f3b60 .functor OR 1, L_0x60004de70, L_0x6000f0f20, C4<0>, C4<0>;
v0x600073ad0_0 .net "d0", 0 0, L_0x6fffffb0018;  alias, 1 drivers
v0x6000ee010_0 .net "d1", 0 0, L_0x6fffffb0060;  alias, 1 drivers
v0x6000ee0d0_0 .net "f", 0 0, L_0x6000f3b60;  alias, 1 drivers
v0x6000ee1a0_0 .net "s0", 0 0, L_0x6fffffb02a0;  alias, 1 drivers
v0x6000ee260_0 .net "w15", 0 0, L_0x6000f3960;  1 drivers
v0x6000ee350_0 .net "w17", 0 0, L_0x60004de70;  1 drivers
v0x6000ee410_0 .net "w18", 0 0, L_0x6000f0f20;  1 drivers
S_0x6000ee580 .scope module, "mux1" "mux2to1" 2 38, 2 58 0, S_0x600073030;
 .timescale 0 0;
    .port_info 0 /INPUT 1 "d0"
    .port_info 1 /INPUT 1 "d1"
    .port_info 2 /INPUT 1 "s0"
    .port_info 3 /OUTPUT 1 "f"
L_0x6000f3c70 .functor AND 1, o0x6000a0408, L_0x6fffffb02a0, C4<1>, C4<1>;
L_0x6000f3ce0 .functor NOT 1, L_0x6fffffb02a0, C4<0>, C4<0>, C4<0>;
L_0x6000f3d80 .functor AND 1, L_0x6000f3ce0, RS_0x6000a03d8, C4<1>, C4<1>;
L_0x6000f3e70 .functor OR 1, L_0x6000f3c70, L_0x6000f3d80, C4<0>, C4<0>;
v0x6000ee7f0_0 .net8 "d0", 0 0, RS_0x6000a03d8;  alias, 2 drivers
v0x6000ee8b0_0 .net "d1", 0 0, o0x6000a0408;  alias, 0 drivers
v0x6000ee970_0 .net "f", 0 0, L_0x6000f3e70;  alias, 1 drivers
v0x6000eea40_0 .net "s0", 0 0, L_0x6fffffb02a0;  alias, 1 drivers
v0x6000eeb10_0 .net "w15", 0 0, L_0x6000f3ce0;  1 drivers
v0x6000eec00_0 .net "w17", 0 0, L_0x6000f3c70;  1 drivers
v0x6000eeca0_0 .net "w18", 0 0, L_0x6000f3d80;  1 drivers
S_0x6000eee10 .scope module, "mux2" "mux2to1" 2 39, 2 58 0, S_0x600073030;
 .timescale 0 0;
    .port_info 0 /INPUT 1 "d0"
    .port_info 1 /INPUT 1 "d1"
    .port_info 2 /INPUT 1 "s0"
    .port_info 3 /OUTPUT 1 "f"
L_0x6000f3f80 .functor AND 1, L_0x6000f3e70, L_0x6fffffb02e8, C4<1>, C4<1>;
L_0x6000f4080 .functor NOT 1, L_0x6fffffb02e8, C4<0>, C4<0>, C4<0>;
L_0x6000f40f0 .functor AND 1, L_0x6000f4080, L_0x6000f3b60, C4<1>, C4<1>;
L_0x6000f4270 .functor OR 1, L_0x6000f3f80, L_0x6000f40f0, C4<0>, C4<0>;
v0x6000ef050_0 .net "d0", 0 0, L_0x6000f3b60;  alias, 1 drivers
v0x6000ef140_0 .net "d1", 0 0, L_0x6000f3e70;  alias, 1 drivers
v0x6000ef210_0 .net "f", 0 0, L_0x6000f4270;  alias, 1 drivers
v0x6000ef2e0_0 .net "s0", 0 0, L_0x6fffffb02e8;  alias, 1 drivers
v0x6000ef380_0 .net "w15", 0 0, L_0x6000f4080;  1 drivers
v0x6000ef470_0 .net "w17", 0 0, L_0x6000f3f80;  1 drivers
v0x6000ef510_0 .net "w18", 0 0, L_0x6000f40f0;  1 drivers
S_0x6000efea0 .scope module, "mux1" "mux4to1" 2 9, 2 33 0, S_0x600072cb0;
 .timescale 0 0;
    .port_info 0 /INPUT 1 "d0"
    .port_info 1 /INPUT 1 "d1"
    .port_info 2 /INPUT 1 "d2"
    .port_info 3 /INPUT 1 "d3"
    .port_info 4 /INPUT 1 "s0"
    .port_info 5 /INPUT 1 "s1"
    .port_info 6 /OUTPUT 1 "f"
v0x6000f1af0_0 .net "d0", 0 0, L_0x6fffffb0138;  alias, 1 drivers
v0x6000f1bc0_0 .net "d1", 0 0, L_0x6fffffb0180;  alias, 1 drivers
v0x6000f1c60_0 .net "d2", 0 0, L_0x6fffffb01c8;  alias, 1 drivers
v0x6000f1d30_0 .net "d3", 0 0, L_0x6fffffb0210;  alias, 1 drivers
v0x6000f1e00_0 .net "f", 0 0, L_0x6000f4cf0;  alias, 1 drivers
v0x6000f1ef0_0 .net "s0", 0 0, L_0x6fffffb02a0;  alias, 1 drivers
v0x6000f1f90_0 .net "s1", 0 0, L_0x6fffffb02e8;  alias, 1 drivers
v0x6000f2030_0 .net "w1", 0 0, L_0x6000f4540;  1 drivers
v0x6000f2120_0 .net "w2", 0 0, L_0x6000f4850;  1 drivers
S_0x6000f0120 .scope module, "mux0" "mux2to1" 2 37, 2 58 0, S_0x6000efea0;
 .timescale 0 0;
    .port_info 0 /INPUT 1 "d0"
    .port_info 1 /INPUT 1 "d1"
    .port_info 2 /INPUT 1 "s0"
    .port_info 3 /OUTPUT 1 "f"
L_0x6000f4370 .functor AND 1, L_0x6fffffb0180, L_0x6fffffb02a0, C4<1>, C4<1>;
L_0x6000f43e0 .functor NOT 1, L_0x6fffffb02a0, C4<0>, C4<0>, C4<0>;
L_0x6000f4450 .functor AND 1, L_0x6000f43e0, L_0x6fffffb0138, C4<1>, C4<1>;
L_0x6000f4540 .functor OR 1, L_0x6000f4370, L_0x6000f4450, C4<0>, C4<0>;
v0x6000f0390_0 .net "d0", 0 0, L_0x6fffffb0138;  alias, 1 drivers
v0x6000f0470_0 .net "d1", 0 0, L_0x6fffffb0180;  alias, 1 drivers
v0x6000f0530_0 .net "f", 0 0, L_0x6000f4540;  alias, 1 drivers
v0x6000f0600_0 .net "s0", 0 0, L_0x6fffffb02a0;  alias, 1 drivers
v0x6000f06a0_0 .net "w15", 0 0, L_0x6000f43e0;  1 drivers
v0x6000f0790_0 .net "w17", 0 0, L_0x6000f4370;  1 drivers
v0x6000f0850_0 .net "w18", 0 0, L_0x6000f4450;  1 drivers
S_0x6000f09c0 .scope module, "mux1" "mux2to1" 2 38, 2 58 0, S_0x6000efea0;
 .timescale 0 0;
    .port_info 0 /INPUT 1 "d0"
    .port_info 1 /INPUT 1 "d1"
    .port_info 2 /INPUT 1 "s0"
    .port_info 3 /OUTPUT 1 "f"
L_0x6000f4650 .functor AND 1, L_0x6fffffb0210, L_0x6fffffb02a0, C4<1>, C4<1>;
L_0x6000f46c0 .functor NOT 1, L_0x6fffffb02a0, C4<0>, C4<0>, C4<0>;
L_0x6000f4760 .functor AND 1, L_0x6000f46c0, L_0x6fffffb01c8, C4<1>, C4<1>;
L_0x6000f4850 .functor OR 1, L_0x6000f4650, L_0x6000f4760, C4<0>, C4<0>;
v0x6000f0c30_0 .net "d0", 0 0, L_0x6fffffb01c8;  alias, 1 drivers
v0x6000f0cf0_0 .net "d1", 0 0, L_0x6fffffb0210;  alias, 1 drivers
v0x6000f0db0_0 .net "f", 0 0, L_0x6000f4850;  alias, 1 drivers
v0x6000f0e80_0 .net "s0", 0 0, L_0x6fffffb02a0;  alias, 1 drivers
v0x6000f0fb0_0 .net "w15", 0 0, L_0x6000f46c0;  1 drivers
v0x6000f1050_0 .net "w17", 0 0, L_0x6000f4650;  1 drivers
v0x6000f1110_0 .net "w18", 0 0, L_0x6000f4760;  1 drivers
S_0x6000f1280 .scope module, "mux2" "mux2to1" 2 39, 2 58 0, S_0x6000efea0;
 .timescale 0 0;
    .port_info 0 /INPUT 1 "d0"
    .port_info 1 /INPUT 1 "d1"
    .port_info 2 /INPUT 1 "s0"
    .port_info 3 /OUTPUT 1 "f"
L_0x6000f4960 .functor AND 1, L_0x6000f4850, L_0x6fffffb02e8, C4<1>, C4<1>;
L_0x6000f4a60 .functor NOT 1, L_0x6fffffb02e8, C4<0>, C4<0>, C4<0>;
L_0x6000f3650 .functor AND 1, L_0x6000f4a60, L_0x6000f4540, C4<1>, C4<1>;
L_0x6000f4cf0 .functor OR 1, L_0x6000f4960, L_0x6000f3650, C4<0>, C4<0>;
v0x6000f14c0_0 .net "d0", 0 0, L_0x6000f4540;  alias, 1 drivers
v0x6000f15b0_0 .net "d1", 0 0, L_0x6000f4850;  alias, 1 drivers
v0x6000f1680_0 .net "f", 0 0, L_0x6000f4cf0;  alias, 1 drivers
v0x6000f1750_0 .net "s0", 0 0, L_0x6fffffb02e8;  alias, 1 drivers
v0x6000f1840_0 .net "w15", 0 0, L_0x6000f4a60;  1 drivers
v0x6000f1930_0 .net "w17", 0 0, L_0x6000f4960;  1 drivers
v0x6000f19d0_0 .net "w18", 0 0, L_0x6000f3650;  1 drivers
S_0x6000f22d0 .scope module, "mux2" "mux2to1" 2 10, 2 58 0, S_0x600072cb0;
 .timescale 0 0;
    .port_info 0 /INPUT 1 "d0"
    .port_info 1 /INPUT 1 "d1"
    .port_info 2 /INPUT 1 "s0"
    .port_info 3 /OUTPUT 1 "f"
L_0x6000f4df0 .functor AND 1, L_0x6000f4cf0, L_0x6fffffb0330, C4<1>, C4<1>;
L_0x6000f4eb0 .functor NOT 1, L_0x6fffffb0330, C4<0>, C4<0>, C4<0>;
L_0x6000f4f20 .functor AND 1, L_0x6000f4eb0, L_0x6000f4270, C4<1>, C4<1>;
L_0x6000f4fe0 .functor OR 1, L_0x6000f4df0, L_0x6000f4f20, C4<0>, C4<0>;
v0x6000f2510_0 .net "d0", 0 0, L_0x6000f4270;  alias, 1 drivers
v0x6000f2620_0 .net "d1", 0 0, L_0x6000f4cf0;  alias, 1 drivers
v0x6000f2710_0 .net "f", 0 0, L_0x6000f4fe0;  alias, 1 drivers
v0x6000f27b0_0 .net "s0", 0 0, L_0x6fffffb0330;  alias, 1 drivers
v0x6000f2850_0 .net "w15", 0 0, L_0x6000f4eb0;  1 drivers
v0x6000f2940_0 .net "w17", 0 0, L_0x6000f4df0;  1 drivers
v0x6000f2a00_0 .net "w18", 0 0, L_0x6000f4f20;  1 drivers
    .scope S_0x600072cb0;
T_0 ;
    %vpi_call 2 27 "$monitor", $time, " ", "d7=%b, d6=%b, d5=%b, d4=%b, d3=%b, d2=%b, d1=%b, d0=%b, s2=%b, s1=%b, s0=%b, f=%b", v0x6000f3250_0, v0x6000f3160_0, v0x6000f3070_0, v0x6000f2f30_0, v0x6000f2e40_0, v0x6000f2d50_0, v0x6000f2c60_0, v0x6000f2b70_0, v0x6000f36e0_0, v0x6000f35b0_0, v0x6000f3510_0, v0x6000f3470_0 {0 0};
    %vpi_call 2 28 "$display", $time, " ", "d7=%b, d6=%b, d5=%b, d4=%b, d3=%b, d2=%b, d1=%b, d0=%b, s2=%b, s1=%b, s0=%b, f=%b", v0x6000f3250_0, v0x6000f3160_0, v0x6000f3070_0, v0x6000f2f30_0, v0x6000f2e40_0, v0x6000f2d50_0, v0x6000f2c60_0, v0x6000f2b70_0, v0x6000f36e0_0, v0x6000f35b0_0, v0x6000f3510_0, v0x6000f3470_0 {0 0};
    %vpi_call 2 29 "$display", $time, " ", "d7=%b, d6=%b, d5=%b, d4=%b, d3=%b, d2=%b, d1=%b, d0=%b, s2=%b, s1=%b, s0=%b, f=%b", v0x6000f3250_0, v0x6000f3160_0, v0x6000f3070_0, v0x6000f2f30_0, v0x6000f2e40_0, v0x6000f2d50_0, v0x6000f2c60_0, v0x6000f2b70_0, v0x6000f36e0_0, v0x6000f35b0_0, v0x6000f3510_0, v0x6000f3470_0 {0 0};
    %end;
    .thread T_0;
# The file index is used to find the file name in the following table.
:file_names 3;
    "N/A";
    "<interactive>";
    "mux.v";
